nohup: ignoring input
Device: cuda
Loading data...
Classes: 6, Labels: ['DoS', 'MITM', 'anomaly', 'normal', 'physical fault', 'scan']

--- Running ORBA-Net (seed=1) ---
    Ep[ 20/150]  1.5s | loss=0.2035 | lr=0.000997
    Ep[ 40/150]  1.4s | loss=0.0843 | lr=0.000919
    Ep[ 60/150]  1.6s | loss=0.0686 | lr=0.000752
    Ep[ 80/150]  1.8s | loss=0.0557 | lr=0.000534
    Ep[100/150]  1.6s | loss=0.0430 | lr=0.000309
    Ep[120/150]  1.5s | loss=0.0362 | lr=0.000126
    Ep[140/150]  1.5s | loss=0.0329 | lr=0.000023
    Ep[150/150]  1.7s | loss=0.0335 | lr=0.000010
precision: 0.9853  recall: 0.9848  f1-score: 0.9850
  [Saved] Training metrics (150 epochs) -> ./Fig_data/training_metrics.csv
  [Saved] Model checkpoint -> ./Fig_data/full_model.pt
  [Saved] Parameters=0.350599 M  Inference/sample=20.473621 us -> ./Fig_data/model_performance.csv

---------------------------------------------------------------------------------------------------------
| Experiment / Architecture              | F1 (Test)          | Drop-Phy F1        | Drop-Net F1        |
---------------------------------------------------------------------------------------------------------
| ORBA-Net                               | 0.9850             | 0.8329             | 0.8411             |
---------------------------------------------------------------------------------------------------------

Per-class F1 Scores:
| Experiment / Architecture              | DoS         | MITM        | anomaly     | normal      | physical f  | scan        |
------------------------------------------------------------------------------------------------------------------------------
| ORBA-Net                               | 1.0000      | 0.9818      | 0.8571      | 0.9905      | 0.9544      | 0.6000      |
------------------------------------------------------------------------------------------------------------------------------

Note: 'Drop-Phy' and 'Drop-Net' indicate results obtained by masking the physical and network modalities respectively, i.e., using only network-layer data and only physical-layer data.

Results saved to ./Fig/experiment_results.pkl
